-------------------------------------------------------------------------------
Test set: co.edu.javeriana.ingsoft.solid.refactor.logica.operaciones.OperacionFactorialTest
-------------------------------------------------------------------------------
Tests run: 1, Failures: 1, Errors: 0, Skipped: 0, Time elapsed: 0.022 s <<< FAILURE! - in co.edu.javeriana.ingsoft.solid.refactor.logica.operaciones.OperacionFactorialTest
realizarOperacionFactorialNegativo  Time elapsed: 0.022 s  <<< FAILURE!
org.opentest4j.AssertionFailedError: Expected java.lang.IllegalArgumentException to be thrown, but nothing was thrown.
	at co.edu.javeriana.ingsoft.solid.refactor.logica.operaciones.OperacionFactorialTest.realizarOperacionFactorialNegativo(OperacionFactorialTest.java:14)

